<?xml version="1.0" encoding="UTF-8"?>
<!-- Generated by org.testng.reporters.JUnitReportReporter -->
<testsuite hostname="DESKTOP-TGDFFQP" failures="0" tests="3" name="neoStoxTestClass_MVN.ValidateUserNameUsingDataProvider" time="136.644" errors="0" timestamp="2023-01-14T13:00:29 IST" skipped="0">
  <testcase classname="neoStoxTestClass_MVN.ValidateUserNameUsingDataProvider" name="validatingUsername" time="40.973"/>
  <system-out>
    <![CDATA[clicking on signIn button
waiting for 1000ms
Entering mobile number
Clicking on Mobile sign in button
waiting for 1000ms
entering password
clicking on submit button
clicking on PopUp OK button
getting actual user Name
Actual user name is --> Hi Ankush More
Logging out from neoStox
TC is validatingUsername passed]]>
  </system-out>
  <testcase classname="neoStoxTestClass_MVN.ValidateUserNameUsingDataProvider" name="validatingUsername" time="36.344"/>
  <system-out>
    <![CDATA[clicking on signIn button
waiting for 1000ms
Entering mobile number
Clicking on Mobile sign in button
waiting for 1000ms
entering password
clicking on submit button
clicking on PopUp OK button
getting actual user Name
Actual user name is --> Hi Pooja Talekar
Logging out from neoStox
TC is validatingUsername passed]]>
  </system-out>
  <testcase classname="neoStoxTestClass_MVN.ValidateUserNameUsingDataProvider" name="validatingUsername" time="59.327"/>
  <system-out>
    <![CDATA[clicking on signIn button
waiting for 1000ms
Entering mobile number
Clicking on Mobile sign in button
waiting for 1000ms
entering password
clicking on submit button
clicking on PopUp OK button
getting actual user Name
Actual user name is --> Hi Rahul Joge
Logging out from neoStox
TC is validatingUsername passed]]>
  </system-out>
</testsuite> <!-- neoStoxTestClass_MVN.ValidateUserNameUsingDataProvider -->
